{"/Users/dvontrecoleman/Documents/webpack/react-skeleton/src/components/App.js": {"path":"/Users/dvontrecoleman/Documents/webpack/react-skeleton/src/components/App.js","statementMap":{"0":{"start":{"line":10,"column":4},"end":{"line":18,"column":6}}},"fnMap":{"0":{"name":"(anonymous_0)","decl":{"start":{"line":9,"column":2},"end":{"line":9,"column":3}},"loc":{"start":{"line":9,"column":11},"end":{"line":19,"column":3}},"line":9}},"branchMap":{},"s":{"0":1},"f":{"0":1},"b":{},"_coverageSchema":"332fd63041d2c1bcb487cc26dd0d5f7d97098a6c","hash":"d656e0142cc0a3ef168c4440d37d9a29bd7a4693"}
,"/Users/dvontrecoleman/Documents/webpack/react-skeleton/src/components/Away.js": {"path":"/Users/dvontrecoleman/Documents/webpack/react-skeleton/src/components/Away.js","statementMap":{"0":{"start":{"line":6,"column":4},"end":{"line":10,"column":6}}},"fnMap":{"0":{"name":"(anonymous_0)","decl":{"start":{"line":5,"column":2},"end":{"line":5,"column":3}},"loc":{"start":{"line":5,"column":11},"end":{"line":11,"column":3}},"line":5}},"branchMap":{},"s":{"0":0},"f":{"0":0},"b":{},"_coverageSchema":"332fd63041d2c1bcb487cc26dd0d5f7d97098a6c","hash":"3dfaf0f531a1652ceb230149e315d29cfce31697"}
,"/Users/dvontrecoleman/Documents/webpack/react-skeleton/src/components/Home.js": {"path":"/Users/dvontrecoleman/Documents/webpack/react-skeleton/src/components/Home.js","statementMap":{"0":{"start":{"line":6,"column":4},"end":{"line":10,"column":6}}},"fnMap":{"0":{"name":"(anonymous_0)","decl":{"start":{"line":5,"column":2},"end":{"line":5,"column":3}},"loc":{"start":{"line":5,"column":11},"end":{"line":11,"column":3}},"line":5}},"branchMap":{},"s":{"0":1},"f":{"0":1},"b":{},"_coverageSchema":"332fd63041d2c1bcb487cc26dd0d5f7d97098a6c","hash":"830d4e2fb9dd9b83e49ff35d95adf7e7739ac7ac"}
,"/Users/dvontrecoleman/Documents/webpack/react-skeleton/src/components/Nav.js": {"path":"/Users/dvontrecoleman/Documents/webpack/react-skeleton/src/components/Nav.js","statementMap":{"0":{"start":{"line":6,"column":4},"end":{"line":38,"column":6}}},"fnMap":{"0":{"name":"(anonymous_0)","decl":{"start":{"line":5,"column":2},"end":{"line":5,"column":3}},"loc":{"start":{"line":5,"column":11},"end":{"line":39,"column":3}},"line":5}},"branchMap":{},"s":{"0":1},"f":{"0":1},"b":{},"_coverageSchema":"332fd63041d2c1bcb487cc26dd0d5f7d97098a6c","hash":"97b5e5ddc20afe9f8d88a425e42543343b4b11f1"}
}
